{"/home/gabriel/CYF/Piscine/The-Piscine/Project-Spaced-Repetition-Tracker/script.js": {"path":"/home/gabriel/CYF/Piscine/The-Piscine/Project-Spaced-Repetition-Tracker/script.js","statementMap":{"0":{"start":{"line":10,"column":16},"end":{"line":10,"column":53}},"1":{"start":{"line":14,"column":18},"end":{"line":14,"column":55}},"2":{"start":{"line":15,"column":2},"end":{"line":17,"column":3}},"3":{"start":{"line":16,"column":4},"end":{"line":16,"column":37}},"4":{"start":{"line":21,"column":20},"end":{"line":21,"column":56}},"5":{"start":{"line":22,"column":2},"end":{"line":29,"column":3}},"6":{"start":{"line":24,"column":18},"end":{"line":24,"column":28}},"7":{"start":{"line":25,"column":27},"end":{"line":25,"column":60}},"8":{"start":{"line":28,"column":4},"end":{"line":28,"column":37}},"9":{"start":{"line":34,"column":14},"end":{"line":34,"column":26}},"10":{"start":{"line":38,"column":23},"end":{"line":38,"column":58}},"11":{"start":{"line":39,"column":2},"end":{"line":44,"column":3}},"12":{"start":{"line":39,"column":15},"end":{"line":39,"column":16}},"13":{"start":{"line":40,"column":17},"end":{"line":40,"column":49}},"14":{"start":{"line":41,"column":4},"end":{"line":41,"column":22}},"15":{"start":{"line":42,"column":4},"end":{"line":42,"column":42}},"16":{"start":{"line":43,"column":4},"end":{"line":43,"column":39}},"17":{"start":{"line":45,"column":2},"end":{"line":54,"column":4}},"18":{"start":{"line":46,"column":4},"end":{"line":46,"column":38}},"19":{"start":{"line":47,"column":25},"end":{"line":47,"column":77}},"20":{"start":{"line":48,"column":17},"end":{"line":48,"column":34}},"21":{"start":{"line":49,"column":4},"end":{"line":49,"column":24}},"22":{"start":{"line":50,"column":4},"end":{"line":50,"column":21}},"23":{"start":{"line":51,"column":22},"end":{"line":51,"column":37}},"24":{"start":{"line":52,"column":4},"end":{"line":52,"column":29}},"25":{"start":{"line":53,"column":4},"end":{"line":53,"column":40}},"26":{"start":{"line":59,"column":18},"end":{"line":59,"column":55}},"27":{"start":{"line":60,"column":17},"end":{"line":60,"column":53}},"28":{"start":{"line":61,"column":19},"end":{"line":61,"column":57}},"29":{"start":{"line":63,"column":2},"end":{"line":71,"column":2}},"30":{"start":{"line":64,"column":19},"end":{"line":67,"column":5}},"31":{"start":{"line":68,"column":4},"end":{"line":68,"column":26}},"32":{"start":{"line":70,"column":4},"end":{"line":70,"column":30}},"33":{"start":{"line":76,"column":18},"end":{"line":76,"column":51}},"34":{"start":{"line":77,"column":2},"end":{"line":77,"column":27}},"35":{"start":{"line":79,"column":2},"end":{"line":81,"column":3}},"36":{"start":{"line":80,"column":4},"end":{"line":80,"column":69}},"37":{"start":{"line":83,"column":20},"end":{"line":90,"column":4}},"38":{"start":{"line":85,"column":16},"end":{"line":85,"column":32}},"39":{"start":{"line":86,"column":16},"end":{"line":86,"column":32}},"40":{"start":{"line":89,"column":4},"end":{"line":89,"column":25}},"41":{"start":{"line":93,"column":2},"end":{"line":97,"column":3}},"42":{"start":{"line":94,"column":20},"end":{"line":94,"column":48}},"43":{"start":{"line":95,"column":4},"end":{"line":95,"column":69}},"44":{"start":{"line":96,"column":4},"end":{"line":96,"column":37}},"45":{"start":{"line":103,"column":16},"end":{"line":103,"column":31}},"46":{"start":{"line":104,"column":12},"end":{"line":110,"column":21}},"47":{"start":{"line":112,"column":14},"end":{"line":115,"column":50}},"48":{"start":{"line":117,"column":13},"end":{"line":117,"column":23}},"49":{"start":{"line":118,"column":2},"end":{"line":132,"column":3}},"50":{"start":{"line":119,"column":16},"end":{"line":119,"column":26}},"51":{"start":{"line":120,"column":22},"end":{"line":120,"column":41}},"52":{"start":{"line":121,"column":23},"end":{"line":121,"column":43}},"53":{"start":{"line":122,"column":22},"end":{"line":122,"column":40}},"54":{"start":{"line":123,"column":21},"end":{"line":123,"column":39}},"55":{"start":{"line":125,"column":27},"end":{"line":125,"column":89}},"56":{"start":{"line":127,"column":4},"end":{"line":127,"column":91}},"57":{"start":{"line":130,"column":26},"end":{"line":130,"column":51}},"58":{"start":{"line":131,"column":4},"end":{"line":131,"column":25}},"59":{"start":{"line":136,"column":0},"end":{"line":141,"column":2}},"60":{"start":{"line":137,"column":2},"end":{"line":137,"column":24}},"61":{"start":{"line":138,"column":2},"end":{"line":138,"column":13}},"62":{"start":{"line":139,"column":2},"end":{"line":139,"column":17}},"63":{"start":{"line":140,"column":2},"end":{"line":140,"column":33}}},"fnMap":{"0":{"name":"hideForm","decl":{"start":{"line":13,"column":9},"end":{"line":13,"column":17}},"loc":{"start":{"line":13,"column":20},"end":{"line":18,"column":1}},"line":13},"1":{"name":"setTodayDate","decl":{"start":{"line":20,"column":9},"end":{"line":20,"column":21}},"loc":{"start":{"line":20,"column":24},"end":{"line":30,"column":1}},"line":20},"2":{"name":"createDropDown","decl":{"start":{"line":37,"column":9},"end":{"line":37,"column":23}},"loc":{"start":{"line":37,"column":31},"end":{"line":55,"column":1}},"line":37},"3":{"name":"(anonymous_3)","decl":{"start":{"line":45,"column":44},"end":{"line":45,"column":45}},"loc":{"start":{"line":45,"column":48},"end":{"line":54,"column":3}},"line":45},"4":{"name":"formData","decl":{"start":{"line":57,"column":9},"end":{"line":57,"column":17}},"loc":{"start":{"line":57,"column":25},"end":{"line":73,"column":1}},"line":57},"5":{"name":"(anonymous_5)","decl":{"start":{"line":63,"column":23},"end":{"line":63,"column":24}},"loc":{"start":{"line":63,"column":39},"end":{"line":71,"column":1}},"line":63},"6":{"name":"displayAgendas","decl":{"start":{"line":75,"column":9},"end":{"line":75,"column":23}},"loc":{"start":{"line":75,"column":46},"end":{"line":99,"column":1}},"line":75},"7":{"name":"(anonymous_7)","decl":{"start":{"line":83,"column":38},"end":{"line":83,"column":39}},"loc":{"start":{"line":83,"column":48},"end":{"line":90,"column":3}},"line":83},"8":{"name":"formatDate","decl":{"start":{"line":102,"column":9},"end":{"line":102,"column":19}},"loc":{"start":{"line":102,"column":33},"end":{"line":134,"column":1}},"line":102},"9":{"name":"(anonymous_9)","decl":{"start":{"line":136,"column":16},"end":{"line":136,"column":17}},"loc":{"start":{"line":136,"column":28},"end":{"line":141,"column":1}},"line":136}},"branchMap":{"0":{"loc":{"start":{"line":15,"column":2},"end":{"line":17,"column":3}},"type":"if","locations":[{"start":{"line":15,"column":2},"end":{"line":17,"column":3}},{"start":{},"end":{}}],"line":15},"1":{"loc":{"start":{"line":22,"column":2},"end":{"line":29,"column":3}},"type":"if","locations":[{"start":{"line":22,"column":2},"end":{"line":29,"column":3}},{"start":{},"end":{}}],"line":22},"2":{"loc":{"start":{"line":79,"column":2},"end":{"line":81,"column":3}},"type":"if","locations":[{"start":{"line":79,"column":2},"end":{"line":81,"column":3}},{"start":{},"end":{}}],"line":79},"3":{"loc":{"start":{"line":79,"column":6},"end":{"line":79,"column":48}},"type":"binary-expr","locations":[{"start":{"line":79,"column":6},"end":{"line":79,"column":19}},{"start":{"line":79,"column":23},"end":{"line":79,"column":48}}],"line":79},"4":{"loc":{"start":{"line":104,"column":12},"end":{"line":110,"column":21}},"type":"cond-expr","locations":[{"start":{"line":105,"column":4},"end":{"line":105,"column":21}},{"start":{"line":106,"column":4},"end":{"line":110,"column":21}}],"line":104},"5":{"loc":{"start":{"line":104,"column":13},"end":{"line":104,"column":75}},"type":"binary-expr","locations":[{"start":{"line":104,"column":13},"end":{"line":104,"column":31}},{"start":{"line":104,"column":35},"end":{"line":104,"column":53}},{"start":{"line":104,"column":57},"end":{"line":104,"column":75}}],"line":104},"6":{"loc":{"start":{"line":106,"column":4},"end":{"line":110,"column":21}},"type":"cond-expr","locations":[{"start":{"line":107,"column":4},"end":{"line":107,"column":21}},{"start":{"line":108,"column":4},"end":{"line":110,"column":21}}],"line":106},"7":{"loc":{"start":{"line":106,"column":5},"end":{"line":106,"column":45}},"type":"binary-expr","locations":[{"start":{"line":106,"column":5},"end":{"line":106,"column":23}},{"start":{"line":106,"column":27},"end":{"line":106,"column":45}}],"line":106},"8":{"loc":{"start":{"line":108,"column":4},"end":{"line":110,"column":21}},"type":"cond-expr","locations":[{"start":{"line":109,"column":4},"end":{"line":109,"column":21}},{"start":{"line":110,"column":4},"end":{"line":110,"column":21}}],"line":108},"9":{"loc":{"start":{"line":108,"column":5},"end":{"line":108,"column":45}},"type":"binary-expr","locations":[{"start":{"line":108,"column":5},"end":{"line":108,"column":23}},{"start":{"line":108,"column":27},"end":{"line":108,"column":45}}],"line":108},"10":{"loc":{"start":{"line":112,"column":14},"end":{"line":115,"column":50}},"type":"cond-expr","locations":[{"start":{"line":112,"column":37},"end":{"line":112,"column":46}},{"start":{"line":112,"column":49},"end":{"line":115,"column":50}}],"line":112},"11":{"loc":{"start":{"line":112,"column":49},"end":{"line":115,"column":50}},"type":"cond-expr","locations":[{"start":{"line":112,"column":72},"end":{"line":112,"column":82}},{"start":{"line":112,"column":85},"end":{"line":115,"column":50}}],"line":112},"12":{"loc":{"start":{"line":112,"column":85},"end":{"line":115,"column":50}},"type":"cond-expr","locations":[{"start":{"line":112,"column":108},"end":{"line":112,"column":115}},{"start":{"line":113,"column":4},"end":{"line":115,"column":50}}],"line":112},"13":{"loc":{"start":{"line":113,"column":4},"end":{"line":115,"column":50}},"type":"cond-expr","locations":[{"start":{"line":113,"column":27},"end":{"line":113,"column":34}},{"start":{"line":113,"column":37},"end":{"line":115,"column":50}}],"line":113},"14":{"loc":{"start":{"line":113,"column":37},"end":{"line":115,"column":50}},"type":"cond-expr","locations":[{"start":{"line":113,"column":60},"end":{"line":113,"column":65}},{"start":{"line":113,"column":68},"end":{"line":115,"column":50}}],"line":113},"15":{"loc":{"start":{"line":113,"column":68},"end":{"line":115,"column":50}},"type":"cond-expr","locations":[{"start":{"line":113,"column":91},"end":{"line":113,"column":97}},{"start":{"line":113,"column":100},"end":{"line":115,"column":50}}],"line":113},"16":{"loc":{"start":{"line":113,"column":100},"end":{"line":115,"column":50}},"type":"cond-expr","locations":[{"start":{"line":113,"column":123},"end":{"line":113,"column":129}},{"start":{"line":114,"column":4},"end":{"line":115,"column":50}}],"line":113},"17":{"loc":{"start":{"line":114,"column":4},"end":{"line":115,"column":50}},"type":"cond-expr","locations":[{"start":{"line":114,"column":27},"end":{"line":114,"column":35}},{"start":{"line":114,"column":38},"end":{"line":115,"column":50}}],"line":114},"18":{"loc":{"start":{"line":114,"column":38},"end":{"line":115,"column":50}},"type":"cond-expr","locations":[{"start":{"line":114,"column":61},"end":{"line":114,"column":72}},{"start":{"line":114,"column":75},"end":{"line":115,"column":50}}],"line":114},"19":{"loc":{"start":{"line":114,"column":75},"end":{"line":115,"column":50}},"type":"cond-expr","locations":[{"start":{"line":114,"column":98},"end":{"line":114,"column":107}},{"start":{"line":115,"column":4},"end":{"line":115,"column":50}}],"line":114},"20":{"loc":{"start":{"line":115,"column":4},"end":{"line":115,"column":50}},"type":"cond-expr","locations":[{"start":{"line":115,"column":27},"end":{"line":115,"column":37}},{"start":{"line":115,"column":40},"end":{"line":115,"column":50}}],"line":115},"21":{"loc":{"start":{"line":118,"column":2},"end":{"line":132,"column":3}},"type":"if","locations":[{"start":{"line":118,"column":2},"end":{"line":132,"column":3}},{"start":{"line":129,"column":6},"end":{"line":132,"column":3}}],"line":118}},"s":{"0":1,"1":1,"2":1,"3":1,"4":1,"5":1,"6":1,"7":1,"8":1,"9":1,"10":1,"11":1,"12":1,"13":5,"14":5,"15":5,"16":5,"17":1,"18":0,"19":0,"20":0,"21":0,"22":0,"23":0,"24":0,"25":0,"26":0,"27":0,"28":0,"29":0,"30":0,"31":0,"32":0,"33":0,"34":0,"35":0,"36":0,"37":0,"38":0,"39":0,"40":0,"41":0,"42":0,"43":0,"44":0,"45":0,"46":0,"47":0,"48":0,"49":0,"50":0,"51":0,"52":0,"53":0,"54":0,"55":0,"56":0,"57":0,"58":0,"59":1,"60":0,"61":0,"62":0,"63":0},"f":{"0":1,"1":1,"2":1,"3":0,"4":0,"5":0,"6":0,"7":0,"8":0,"9":0},"b":{"0":[1,0],"1":[1,0],"2":[0,0],"3":[0,0],"4":[0,0],"5":[0,0,0],"6":[0,0],"7":[0,0],"8":[0,0],"9":[0,0],"10":[0,0],"11":[0,0],"12":[0,0],"13":[0,0],"14":[0,0],"15":[0,0],"16":[0,0],"17":[0,0],"18":[0,0],"19":[0,0],"20":[0,0],"21":[0,0]},"_coverageSchema":"1a1c01bbd47fc00a2c39e90264f33305004495a9","hash":"59b3359a3e49110602e7f9ae7173234febc26530"}
}
