TN:
SF:script.js
FN:13,hideForm
FN:20,setTodayDate
FN:37,createDropDown
FN:45,(anonymous_3)
FN:57,formData
FN:63,(anonymous_5)
FN:75,displayAgendas
FN:83,(anonymous_7)
FN:102,formatDate
FN:136,(anonymous_9)
FNF:10
FNH:3
FNDA:1,hideForm
FNDA:1,setTodayDate
FNDA:1,createDropDown
FNDA:0,(anonymous_3)
FNDA:0,formData
FNDA:0,(anonymous_5)
FNDA:0,displayAgendas
FNDA:0,(anonymous_7)
FNDA:0,formatDate
FNDA:0,(anonymous_9)
DA:10,1
DA:14,1
DA:15,1
DA:16,1
DA:21,1
DA:22,1
DA:24,1
DA:25,1
DA:28,1
DA:34,1
DA:38,1
DA:39,1
DA:40,5
DA:41,5
DA:42,5
DA:43,5
DA:45,1
DA:46,0
DA:47,0
DA:48,0
DA:49,0
DA:50,0
DA:51,0
DA:52,0
DA:53,0
DA:59,0
DA:60,0
DA:61,0
DA:63,0
DA:64,0
DA:68,0
DA:70,0
DA:76,0
DA:77,0
DA:79,0
DA:80,0
DA:83,0
DA:85,0
DA:86,0
DA:89,0
DA:93,0
DA:94,0
DA:95,0
DA:96,0
DA:103,0
DA:104,0
DA:112,0
DA:117,0
DA:118,0
DA:119,0
DA:120,0
DA:121,0
DA:122,0
DA:123,0
DA:125,0
DA:127,0
DA:130,0
DA:131,0
DA:136,1
DA:137,0
DA:138,0
DA:139,0
DA:140,0
LF:63
LH:18
BRDA:15,0,0,1
BRDA:15,0,1,0
BRDA:22,1,0,1
BRDA:22,1,1,0
BRDA:79,2,0,0
BRDA:79,2,1,0
BRDA:79,3,0,0
BRDA:79,3,1,0
BRDA:104,4,0,0
BRDA:104,4,1,0
BRDA:104,5,0,0
BRDA:104,5,1,0
BRDA:104,5,2,0
BRDA:106,6,0,0
BRDA:106,6,1,0
BRDA:106,7,0,0
BRDA:106,7,1,0
BRDA:108,8,0,0
BRDA:108,8,1,0
BRDA:108,9,0,0
BRDA:108,9,1,0
BRDA:112,10,0,0
BRDA:112,10,1,0
BRDA:112,11,0,0
BRDA:112,11,1,0
BRDA:112,12,0,0
BRDA:112,12,1,0
BRDA:113,13,0,0
BRDA:113,13,1,0
BRDA:113,14,0,0
BRDA:113,14,1,0
BRDA:113,15,0,0
BRDA:113,15,1,0
BRDA:113,16,0,0
BRDA:113,16,1,0
BRDA:114,17,0,0
BRDA:114,17,1,0
BRDA:114,18,0,0
BRDA:114,18,1,0
BRDA:114,19,0,0
BRDA:114,19,1,0
BRDA:115,20,0,0
BRDA:115,20,1,0
BRDA:118,21,0,0
BRDA:118,21,1,0
BRF:45
BRH:2
end_of_record
